<?xml version="1.0" encoding="UTF-8"?>
<!-- Generated by org.testng.reporters.JUnitXMLReporter -->
<testsuite hostname="QSIH-00268" name="sample test" tests="1" failures="1" timestamp="25 Aug 2015 10:08:27 GMT" time="40.995" errors="0">
  <testcase name="verifyhomesitelogo" time="18.87" classname="com.mr.test.ReddyTest">
    <failure type="java.lang.Exception" message="FAILED WHILE CLICKING ON MY NAUKRI LINK BUTTON
 clickOnMyNaukrilinknbuttonFAILED WHILE VERIFYING THE MY NAUKRI 
 verifymynaukritextUnable to locate element: {&amp;quot;method&amp;quot;:&amp;quot;xpath&amp;quot;,&amp;quot;selector&amp;quot;:&amp;quot;//ul[@class=&amp;apos;rghtSec fr menu logged&amp;apos;]/li[2]/a&amp;quot;}
Command duration or timeout: 10.08 seconds
For documentation on this error, please visit: http://seleniumhq.org/exceptions/no_such_element.html
Build info: version: &amp;apos;2.47.1&amp;apos;, revision: &amp;apos;unknown&amp;apos;, time: &amp;apos;2015-07-30 11:02:44&amp;apos;
System info: host: &amp;apos;QSIH-00268&amp;apos;, ip: &amp;apos;10.145.8.178&amp;apos;, os.name: &amp;apos;Windows 7&amp;apos;, os.arch: &amp;apos;amd64&amp;apos;, os.version: &amp;apos;6.1&amp;apos;, java.version: &amp;apos;1.7.0_79&amp;apos;
*** Element info: {Using=xpath, value=//ul[@class=&amp;apos;rghtSec fr menu logged&amp;apos;]/li[2]/a}
Session ID: 0affec78-22ee-4340-93a1-277707ddac0d
Driver info: org.openqa.selenium.firefox.FirefoxDriver
Capabilities [{platform=WINDOWS, acceptSslCerts=true, javascriptEnabled=true, cssSelectorsEnabled=true, databaseEnabled=true, browserName=firefox, handlesAlerts=true, nativeEvents=false, webStorageEnabled=true, rotatable=false, locationContextEnabled=true, applicationCacheEnabled=true, takesScreenshot=true, version=40.0.2}]">
      <![CDATA[java.lang.Exception: FAILED WHILE CLICKING ON MY NAUKRI LINK BUTTON
 clickOnMyNaukrilinknbuttonFAILED WHILE VERIFYING THE MY NAUKRI 
 verifymynaukritextUnable to locate element: {"method":"xpath","selector":"//ul[@class='rghtSec fr menu logged']/li[2]/a"}
Command duration or timeout: 10.08 seconds
For documentation on this error, please visit: http://seleniumhq.org/exceptions/no_such_element.html
Build info: version: '2.47.1', revision: 'unknown', time: '2015-07-30 11:02:44'
System info: host: 'QSIH-00268', ip: '10.145.8.178', os.name: 'Windows 7', os.arch: 'amd64', os.version: '6.1', java.version: '1.7.0_79'
*** Element info: {Using=xpath, value=//ul[@class='rghtSec fr menu logged']/li[2]/a}
Session ID: 0affec78-22ee-4340-93a1-277707ddac0d
Driver info: org.openqa.selenium.firefox.FirefoxDriver
Capabilities [{platform=WINDOWS, acceptSslCerts=true, javascriptEnabled=true, cssSelectorsEnabled=true, databaseEnabled=true, browserName=firefox, handlesAlerts=true, nativeEvents=false, webStorageEnabled=true, rotatable=false, locationContextEnabled=true, applicationCacheEnabled=true, takesScreenshot=true, version=40.0.2}]
	at com.mr.pages.MyNaukriPage.verifyMyNaukriLinkAndClickOnLogOut(MyNaukriPage.java:83)
	at com.mr.test.ReddyTest.verifyhomesitelogo(ReddyTest.java:33)
... Removed 24 stack frames]]>
    </failure>
  </testcase> <!-- verifyhomesitelogo -->
</testsuite> <!-- sample test -->
