<?xml version="1.0" encoding="UTF-8"?>
<testng-results skipped="0" failed="1" total="1" passed="0">
  <reporter-output>
  </reporter-output>
  <suite name="Page Object test example" duration-ms="40995" started-at="2015-08-25T10:07:46Z" finished-at="2015-08-25T10:08:27Z">
    <groups>
    </groups>
    <test name="sample test" duration-ms="40995" started-at="2015-08-25T10:07:46Z" finished-at="2015-08-25T10:08:27Z">
      <class name="com.mr.test.ReddyTest">
        <test-method status="PASS" signature="setup(java.lang.String, java.lang.String)[pri:0, instance:com.mr.test.ReddyTest@4a435274]" name="setup" is-config="true" duration-ms="19557" started-at="2015-08-25T15:37:46Z" finished-at="2015-08-25T15:38:06Z">
          <params>
            <param index="0">
              <value>
                <![CDATA[FF]]>
              </value>
            </param>
            <param index="1">
              <value>
                <![CDATA[http://www.naukri.com/]]>
              </value>
            </param>
          </params>
          <reporter-output>
          </reporter-output>
        </test-method> <!-- setup -->
        <test-method status="FAIL" signature="verifyhomesitelogo()[pri:0, instance:com.mr.test.ReddyTest@4a435274]" name="verifyhomesitelogo" duration-ms="18870" started-at="2015-08-25T15:38:06Z" finished-at="2015-08-25T15:38:25Z">
          <exception class="java.lang.Exception">
            <message>
              <![CDATA[FAILED WHILE CLICKING ON MY NAUKRI LINK BUTTON
 clickOnMyNaukrilinknbuttonFAILED WHILE VERIFYING THE MY NAUKRI 
 verifymynaukritextUnable to locate element: {"method":"xpath","selector":"//ul[@class='rghtSec fr menu logged']/li[2]/a"}
Command duration or timeout: 10.08 seconds
For documentation on this error, please visit: http://seleniumhq.org/exceptions/no_such_element.html
Build info: version: '2.47.1', revision: 'unknown', time: '2015-07-30 11:02:44'
System info: host: 'QSIH-00268', ip: '10.145.8.178', os.name: 'Windows 7', os.arch: 'amd64', os.version: '6.1', java.version: '1.7.0_79'
*** Element info: {Using=xpath, value=//ul[@class='rghtSec fr menu logged']/li[2]/a}
Session ID: 0affec78-22ee-4340-93a1-277707ddac0d
Driver info: org.openqa.selenium.firefox.FirefoxDriver
Capabilities [{platform=WINDOWS, acceptSslCerts=true, javascriptEnabled=true, cssSelectorsEnabled=true, databaseEnabled=true, browserName=firefox, handlesAlerts=true, nativeEvents=false, webStorageEnabled=true, rotatable=false, locationContextEnabled=true, applicationCacheEnabled=true, takesScreenshot=true, version=40.0.2}]]]>
            </message>
            <full-stacktrace>
              <![CDATA[java.lang.Exception: FAILED WHILE CLICKING ON MY NAUKRI LINK BUTTON
 clickOnMyNaukrilinknbuttonFAILED WHILE VERIFYING THE MY NAUKRI 
 verifymynaukritextUnable to locate element: {"method":"xpath","selector":"//ul[@class='rghtSec fr menu logged']/li[2]/a"}
Command duration or timeout: 10.08 seconds
For documentation on this error, please visit: http://seleniumhq.org/exceptions/no_such_element.html
Build info: version: '2.47.1', revision: 'unknown', time: '2015-07-30 11:02:44'
System info: host: 'QSIH-00268', ip: '10.145.8.178', os.name: 'Windows 7', os.arch: 'amd64', os.version: '6.1', java.version: '1.7.0_79'
*** Element info: {Using=xpath, value=//ul[@class='rghtSec fr menu logged']/li[2]/a}
Session ID: 0affec78-22ee-4340-93a1-277707ddac0d
Driver info: org.openqa.selenium.firefox.FirefoxDriver
Capabilities [{platform=WINDOWS, acceptSslCerts=true, javascriptEnabled=true, cssSelectorsEnabled=true, databaseEnabled=true, browserName=firefox, handlesAlerts=true, nativeEvents=false, webStorageEnabled=true, rotatable=false, locationContextEnabled=true, applicationCacheEnabled=true, takesScreenshot=true, version=40.0.2}]
	at com.mr.pages.MyNaukriPage.verifyMyNaukriLinkAndClickOnLogOut(MyNaukriPage.java:83)
	at com.mr.test.ReddyTest.verifyhomesitelogo(ReddyTest.java:33)
	at sun.reflect.NativeMethodAccessorImpl.invoke0(Native Method)
	at sun.reflect.NativeMethodAccessorImpl.invoke(Unknown Source)
	at sun.reflect.DelegatingMethodAccessorImpl.invoke(Unknown Source)
	at java.lang.reflect.Method.invoke(Unknown Source)
	at org.testng.internal.MethodInvocationHelper.invokeMethod(MethodInvocationHelper.java:85)
	at org.testng.internal.Invoker.invokeMethod(Invoker.java:659)
	at org.testng.internal.Invoker.invokeTestMethod(Invoker.java:845)
	at org.testng.internal.Invoker.invokeTestMethods(Invoker.java:1153)
	at org.testng.internal.TestMethodWorker.invokeTestMethods(TestMethodWorker.java:125)
	at org.testng.internal.TestMethodWorker.run(TestMethodWorker.java:108)
	at org.testng.TestRunner.privateRun(TestRunner.java:771)
	at org.testng.TestRunner.run(TestRunner.java:621)
	at org.testng.SuiteRunner.runTest(SuiteRunner.java:357)
	at org.testng.SuiteRunner.runSequentially(SuiteRunner.java:352)
	at org.testng.SuiteRunner.privateRun(SuiteRunner.java:310)
	at org.testng.SuiteRunner.run(SuiteRunner.java:259)
	at org.testng.SuiteRunnerWorker.runSuite(SuiteRunnerWorker.java:52)
	at org.testng.SuiteRunnerWorker.run(SuiteRunnerWorker.java:86)
	at org.testng.TestNG.runSuitesSequentially(TestNG.java:1199)
	at org.testng.TestNG.runSuitesLocally(TestNG.java:1124)
	at org.testng.TestNG.run(TestNG.java:1032)
	at org.testng.remote.RemoteTestNG.run(RemoteTestNG.java:111)
	at org.testng.remote.RemoteTestNG.initAndRun(RemoteTestNG.java:204)
	at org.testng.remote.RemoteTestNG.main(RemoteTestNG.java:175)
]]>
            </full-stacktrace>
          </exception> <!-- java.lang.Exception -->
          <reporter-output>
          </reporter-output>
        </test-method> <!-- verifyhomesitelogo -->
        <test-method status="PASS" signature="tearDown()[pri:0, instance:com.mr.test.ReddyTest@4a435274]" name="tearDown" is-config="true" duration-ms="2554" started-at="2015-08-25T15:38:25Z" finished-at="2015-08-25T15:38:27Z">
          <reporter-output>
          </reporter-output>
        </test-method> <!-- tearDown -->
      </class> <!-- com.mr.test.ReddyTest -->
    </test> <!-- sample test -->
  </suite> <!-- Page Object test example -->
</testng-results>
